
=== Sun Mar 15 18:12:03 2020

Packages were changed.
Update Mode: mergeDefaultDependencies

The following packages were added:
  com.unity.package-manager-ui@2.2.0
  com.unity.ext.nunit@1.0.0
  com.unity.test-framework@1.0.13
  com.unity.ide.vscode@1.1.0
  com.unity.ide.rider@1.1.0
  com.unity.ugui@1.0.0
  com.unity.modules.androidjni@1.0.0
The following packages were updated:
  com.unity.collab-proxy from version 1.2.9 to 1.2.16
  com.unity.textmeshpro from version 2.0.0 to 2.0.1
  com.unity.timeline from version 0.0.0-builtin to 1.1.0

=== Tue Aug 25 13:57:08 2020

Packages were changed.
Update Mode: updateDependencies

The following packages were added:
  com.unity.ide.visualstudio@2.0.2
The following packages were updated:
  com.unity.collab-proxy from version 1.2.16 to 1.3.8
  com.unity.ide.rider from version 1.1.0 to 1.2.1
  com.unity.ide.vscode from version 1.1.0 to 1.2.1
  com.unity.test-framework from version 1.0.13 to 1.1.16
  com.unity.textmeshpro from version 2.0.1 to 3.0.1
  com.unity.timeline from version 1.1.0 to 1.2.6
The following packages were removed:
  com.unity.package-manager-ui@2.2.0

=== Sun Jun  9 23:33:25 2024

Packages were changed.
Update Mode: updateDependencies

The following packages were added:
  com.unity.ai.navigation@1.1.4
The following packages were updated:
  com.unity.collab-proxy from version 1.3.8 to 2.0.5
  com.unity.ext.nunit from version 1.0.0 to 1.0.6
  com.unity.ide.rider from version 1.2.1 to 3.0.24
  com.unity.ide.visualstudio from version 2.0.2 to 2.0.18
  com.unity.ide.vscode from version 1.2.1 to 1.2.5
  com.unity.test-framework from version 1.1.16 to 1.1.33
  com.unity.textmeshpro from version 3.0.1 to 3.0.6
  com.unity.timeline from version 1.2.6 to 1.7.4

=== Thu Jul  3 14:46:19 2025

Packages were changed.
Update Mode: updateDependencies

The following packages were 更新済:
  com.unity.ai.navigation をバージョン 1.1.4 から 1.1.5 へ
  com.unity.collab-proxy をバージョン 2.0.5 から 2.3.1 へ
  com.unity.ide.rider をバージョン 3.0.24 から 3.0.28 へ
  com.unity.ide.visualstudio をバージョン 2.0.18 から 2.0.22 へ
  com.unity.timeline をバージョン 1.7.4 から 1.7.6 へ
